<?xml version="1.0" encoding="UTF-8"?>
<testsuite xmlns:xsi="http://www.w3.org/2001/XMLSchema-instance" xsi:noNamespaceSchemaLocation="https://maven.apache.org/surefire/maven-surefire-plugin/xsd/surefire-test-report.xsd" name="people.PersonTest" time="0.047" tests="5" errors="0" skipped="0" failures="3">
  <properties>
[...]
</properties>
  <testcase name="testDemo1" classname="people.PersonTest" time="0.011">
    <failure message="&#10;Expected: (a string containing &quot;bu&quot; and a string containing &quot;ga&quot;)&#10;     but: a string containing &quot;ga&quot; was &quot;buha&quot;" type="java.lang.AssertionError">java.lang.AssertionError: 

Expected: (a string containing "bu" and a string containing "ga")
     but: a string containing "ga" was "buha"
	at people.PersonTest.testDemo1(PersonTest.java:53)
</failure>
  </testcase>
  <testcase name="testDemo" classname="people.PersonTest" time="0">
    <failure message="The age is not correct! expected:&lt;true&gt; but was:&lt;false&gt;" type="java.lang.AssertionError"><![CDATA[java.lang.AssertionError: The age is not correct! expected:<true> but was:<false>
	at people.PersonTest.testDemo(PersonTest.java:47)
]]></failure>
    <system-out><![CDATA[Failed
]]></system-out>
  </testcase>
  <testcase name="testPersonDoubleAge" classname="people.PersonTest" time="0.001"/>
  <testcase name="testPersonSetAge" classname="people.PersonTest" time="0"/>
  <testcase name="testPersonAge" classname="people.PersonTest" time="0.001">
    <failure message="The age is not correct expected:&lt;24&gt; but was:&lt;25&gt;" type="java.lang.AssertionError"><![CDATA[java.lang.AssertionError: The age is not correct expected:<24> but was:<25>
	at people.PersonTest.testPersonAge(PersonTest.java:15)
]]></failure>
  </testcase>
</testsuite>