<?xml version="1.0" encoding="UTF-8"?>
<testsuite xmlns:xsi="http://www.w3.org/2001/XMLSchema-instance" xsi:noNamespaceSchemaLocation="https://maven.apache.org/surefire/maven-surefire-plugin/xsd/surefire-test-report.xsd" name="people.PersonTest" time="0.047" tests="5" errors="0" skipped="0" failures="3">
  <properties>
    <property name="java.specification.version" value="14"/>
    <property name="sun.jnu.encoding" value="UTF-8"/>
    <property name="java.class.path" value="/Users/Dzmitry_Zyznik/Desktop/Maven/target/test-classes:/Users/Dzmitry_Zyznik/Desktop/Maven/target/classes:/Users/Dzmitry_Zyznik/.m2/repository/junit/junit/4.13/junit-4.13.jar:/Users/Dzmitry_Zyznik/.m2/repository/org/hamcrest/hamcrest-core/2.2/hamcrest-core-2.2.jar:/Users/Dzmitry_Zyznik/.m2/repository/org/hamcrest/hamcrest/2.2/hamcrest-2.2.jar:"/>
    <property name="java.vm.vendor" value="Oracle Corporation"/>
    <property name="sun.arch.data.model" value="64"/>
    <property name="java.vendor.url" value="https://openjdk.java.net/"/>
    <property name="os.name" value="Mac OS X"/>
    <property name="java.vm.specification.version" value="14"/>
    <property name="sun.java.launcher" value="SUN_STANDARD"/>
    <property name="user.country" value="BY"/>
    <property name="sun.boot.library.path" value="/usr/local/Cellar/openjdk/14.0.1/libexec/openjdk.jdk/Contents/Home/lib"/>
    <property name="sun.java.command" value="/Users/Dzmitry_Zyznik/Desktop/Maven/target/surefire/surefirebooter15939732117314838856.jar /Users/Dzmitry_Zyznik/Desktop/Maven/target/surefire 2020-10-18T12-52-00_160-jvmRun1 surefire8822025539347962686tmp surefire_015836179288603186475tmp"/>
    <property name="http.nonProxyHosts" value="local|*.local|169.254/16|*.169.254/16"/>
    <property name="jdk.debug" value="release"/>
    <property name="surefire.test.class.path" value="/Users/Dzmitry_Zyznik/Desktop/Maven/target/test-classes:/Users/Dzmitry_Zyznik/Desktop/Maven/target/classes:/Users/Dzmitry_Zyznik/.m2/repository/junit/junit/4.13/junit-4.13.jar:/Users/Dzmitry_Zyznik/.m2/repository/org/hamcrest/hamcrest-core/2.2/hamcrest-core-2.2.jar:/Users/Dzmitry_Zyznik/.m2/repository/org/hamcrest/hamcrest/2.2/hamcrest-2.2.jar:"/>
    <property name="sun.cpu.endian" value="little"/>
    <property name="user.home" value="/Users/Dzmitry_Zyznik"/>
    <property name="user.language" value="en"/>
    <property name="java.specification.vendor" value="Oracle Corporation"/>
    <property name="java.version.date" value="2020-04-14"/>
    <property name="java.home" value="/usr/local/Cellar/openjdk/14.0.1/libexec/openjdk.jdk/Contents/Home"/>
    <property name="file.separator" value="/"/>
    <property name="basedir" value="/Users/Dzmitry_Zyznik/Desktop/Maven"/>
    <property name="java.vm.compressedOopsMode" value="Zero based"/>
    <property name="line.separator" value="&#10;"/>
    <property name="java.specification.name" value="Java Platform API Specification"/>
    <property name="java.vm.specification.vendor" value="Oracle Corporation"/>
    <property name="surefire.real.class.path" value="/Users/Dzmitry_Zyznik/Desktop/Maven/target/surefire/surefirebooter15939732117314838856.jar"/>
    <property name="sun.management.compiler" value="HotSpot 64-Bit Tiered Compilers"/>
    <property name="ftp.nonProxyHosts" value="local|*.local|169.254/16|*.169.254/16"/>
    <property name="java.runtime.version" value="14.0.1+14"/>
    <property name="user.name" value="Dzmitry_Zyznik"/>
    <property name="path.separator" value=":"/>
    <property name="os.version" value="10.15.6"/>
    <property name="java.runtime.name" value="OpenJDK Runtime Environment"/>
    <property name="file.encoding" value="UTF-8"/>
    <property name="java.vm.name" value="OpenJDK 64-Bit Server VM"/>
    <property name="localRepository" value="/Users/Dzmitry_Zyznik/.m2/repository"/>
    <property name="java.vendor.url.bug" value="https://bugreport.java.com/bugreport/"/>
    <property name="java.io.tmpdir" value="/var/folders/q0/ml61k5tx60x7bm47220_mn9r0000gn/T/"/>
    <property name="java.version" value="14.0.1"/>
    <property name="user.dir" value="/Users/Dzmitry_Zyznik/Desktop/Maven"/>
    <property name="os.arch" value="x86_64"/>
    <property name="java.vm.specification.name" value="Java Virtual Machine Specification"/>
    <property name="java.library.path" value="/Users/Dzmitry_Zyznik/Library/Java/Extensions:/Library/Java/Extensions:/Network/Library/Java/Extensions:/System/Library/Java/Extensions:/usr/lib/java:."/>
    <property name="java.vm.info" value="mixed mode, sharing"/>
    <property name="java.vendor" value="N/A"/>
    <property name="java.vm.version" value="14.0.1+14"/>
    <property name="sun.io.unicode.encoding" value="UnicodeBig"/>
    <property name="socksNonProxyHosts" value="local|*.local|169.254/16|*.169.254/16"/>
    <property name="java.class.version" value="58.0"/>
  </properties>
  <testcase name="testDemo1" classname="people.PersonTest" time="0.011">
    <failure message="&#10;Expected: (a string containing &quot;bu&quot; and a string containing &quot;ga&quot;)&#10;     but: a string containing &quot;ga&quot; was &quot;buha&quot;" type="java.lang.AssertionError">java.lang.AssertionError: 

Expected: (a string containing "bu" and a string containing "ga")
     but: a string containing "ga" was "buha"
	at people.PersonTest.testDemo1(PersonTest.java:53)
</failure>
  </testcase>
  <testcase name="testDemo" classname="people.PersonTest" time="0">
    <failure message="The age is not correct! expected:&lt;true&gt; but was:&lt;false&gt;" type="java.lang.AssertionError"><![CDATA[java.lang.AssertionError: The age is not correct! expected:<true> but was:<false>
	at people.PersonTest.testDemo(PersonTest.java:47)
]]></failure>
    <system-out><![CDATA[Failed
]]></system-out>
  </testcase>
  <testcase name="testPersonDoubleAge" classname="people.PersonTest" time="0.001"/>
  <testcase name="testPersonSetAge" classname="people.PersonTest" time="0"/>
  <testcase name="testPersonAge" classname="people.PersonTest" time="0.001">
    <failure message="The age is not correct expected:&lt;24&gt; but was:&lt;25&gt;" type="java.lang.AssertionError"><![CDATA[java.lang.AssertionError: The age is not correct expected:<24> but was:<25>
	at people.PersonTest.testPersonAge(PersonTest.java:15)
]]></failure>
  </testcase>
</testsuite>